<?xml version="1.0" encoding="UTF-8"?>
<testsuite xmlns:xsi="http://www.w3.org/2001/XMLSchema-instance" xsi:noNamespaceSchemaLocation="https://maven.apache.org/surefire/maven-surefire-plugin/xsd/surefire-test-report-3.0.xsd" version="3.0" name="com.ai.interview.BackendApplicationTests" time="6.875" tests="2" errors="0" skipped="0" failures="0">
  <properties>
[...]
</properties>
  <testcase name="adminQuestionCrudWorks" classname="com.ai.interview.BackendApplicationTests" time="1.449">
    <system-out><![CDATA[17:00:27.726 [main] INFO org.springframework.test.context.support.AnnotationConfigContextLoaderUtils -- Could not detect default configuration classes for test class [com.ai.interview.BackendApplicationTests]: BackendApplicationTests does not declare any static, non-private, non-final, nested classes annotated with @Configuration.
17:00:27.873 [main] INFO org.springframework.boot.test.context.SpringBootTestContextBootstrapper -- Found @SpringBootConfiguration com.ai.interview.BackendApplication for test class com.ai.interview.BackendApplicationTests
17:00:28.093 [main] INFO org.springframework.boot.devtools.restart.RestartApplicationListener -- Restart disabled due to context in which it is running

  .   ____          _            __ _ _
 /\\ / ___'_ __ _ _(_)_ __  __ _ \ \ \ \
( ( )\___ | '_ | '_| | '_ \/ _` | \ \ \ \
 \\/  ___)| |_)| | | | | || (_| |  ) ) ) )
  '  |____| .__|_| |_|_| |_\__, | / / / /
 =========|_|==============|___/=/_/_/_/

 :: Spring Boot ::                (v3.3.1)

2026-03-06T17:00:28.445+08:00  INFO 34344 --- [backend] [           main] c.ai.interview.BackendApplicationTests   : Starting BackendApplicationTests using Java 21.0.5 with PID 34344 (started by YunHong in D:\projects\ai-interview-platform\backend)
2026-03-06T17:00:28.447+08:00  INFO 34344 --- [backend] [           main] c.ai.interview.BackendApplicationTests   : No active profile set, falling back to 1 default profile: "default"
2026-03-06T17:00:29.510+08:00  INFO 34344 --- [backend] [           main] .s.d.r.c.RepositoryConfigurationDelegate : Multiple Spring Data modules found, entering strict repository configuration mode
2026-03-06T17:00:29.513+08:00  INFO 34344 --- [backend] [           main] .s.d.r.c.RepositoryConfigurationDelegate : Bootstrapping Spring Data Redis repositories in DEFAULT mode.
2026-03-06T17:00:29.541+08:00  INFO 34344 --- [backend] [           main] .s.d.r.c.RepositoryConfigurationDelegate : Finished Spring Data repository scanning in 8 ms. Found 0 Redis repository interfaces.
2026-03-06T17:00:32.745+08:00  INFO 34344 --- [backend] [           main] o.s.b.t.m.w.SpringBootMockServletContext : Initializing Spring TestDispatcherServlet ''
2026-03-06T17:00:32.745+08:00  INFO 34344 --- [backend] [           main] o.s.t.web.servlet.TestDispatcherServlet  : Initializing Servlet ''
2026-03-06T17:00:32.753+08:00  INFO 34344 --- [backend] [           main] o.s.t.web.servlet.TestDispatcherServlet  : Completed initialization in 2 ms
2026-03-06T17:00:32.806+08:00  INFO 34344 --- [backend] [           main] c.ai.interview.BackendApplicationTests   : Started BackendApplicationTests in 4.74 seconds (process running for 5.883)
2026-03-06T17:00:33.910+08:00  INFO 34344 --- [backend] [           main] com.zaxxer.hikari.HikariDataSource       : HikariPool-1 - Starting...
2026-03-06T17:00:34.079+08:00  INFO 34344 --- [backend] [           main] com.zaxxer.hikari.pool.HikariPool        : HikariPool-1 - Added connection com.mysql.cj.jdbc.ConnectionImpl@4af44f2a
2026-03-06T17:00:34.081+08:00  INFO 34344 --- [backend] [           main] com.zaxxer.hikari.HikariDataSource       : HikariPool-1 - Start completed.
]]></system-out>
    <system-err><![CDATA[WARNING: A Java agent has been loaded dynamically (D:\projects\ai-interview-platform\backend\.m2\repository\net\bytebuddy\byte-buddy-agent\1.14.17\byte-buddy-agent-1.14.17.jar)
WARNING: If a serviceability tool is in use, please run with -XX:+EnableDynamicAgentLoading to hide this warning
WARNING: If a serviceability tool is not in use, please run with -Djdk.instrument.traceUsage for more information
WARNING: Dynamic loading of agents will be disallowed by default in a future release
]]></system-err>
  </testcase>
  <testcase name="fullApiFlowWorks" classname="com.ai.interview.BackendApplicationTests" time="0.094"/>
</testsuite>